2026/06/09 02:06:54 INFO  [restartedMain] - Starting UserManagementSystemApplication using Java 17.0.10 with PID 7341 (/Users/naoki/GitHub/springboot-user-management-system/user-management-system/target/classes started by naoki in /Users/naoki/GitHub/springboot-user-management-system/user-management-system)
2026/06/09 02:06:54 DEBUG [restartedMain] - Running with Spring Boot v3.5.11, Spring v6.2.16
2026/06/09 02:06:54 INFO  [restartedMain] - No active profile set, falling back to 1 default profile: "default"
2026/06/09 02:06:54 INFO  [restartedMain] - Multiple Spring Data modules found, entering strict repository configuration mode
2026/06/09 02:06:54 INFO  [restartedMain] - Bootstrapping Spring Data JDBC repositories in DEFAULT mode.
2026/06/09 02:06:54 INFO  [restartedMain] - Spring Data JDBC - Could not safely identify store assignment for repository candidate interface com.example.demo.hello.SampleRepository; If you want this repository to be a JDBC repository, consider annotating your entities with one of these annotations: org.springframework.data.relational.core.mapping.Table.
2026/06/09 02:06:54 INFO  [restartedMain] - Spring Data JDBC - Could not safely identify store assignment for repository candidate interface com.example.demo.user.repository.UserRepository; If you want this repository to be a JDBC repository, consider annotating your entities with one of these annotations: org.springframework.data.relational.core.mapping.Table.
2026/06/09 02:06:54 INFO  [restartedMain] - Finished Spring Data repository scanning in 10 ms. Found 0 JDBC repository interfaces.
2026/06/09 02:06:54 INFO  [restartedMain] - Multiple Spring Data modules found, entering strict repository configuration mode
2026/06/09 02:06:54 INFO  [restartedMain] - Bootstrapping Spring Data JPA repositories in DEFAULT mode.
2026/06/09 02:06:54 INFO  [restartedMain] - Finished Spring Data repository scanning in 10 ms. Found 2 JPA repository interfaces.
2026/06/09 02:06:55 INFO  [restartedMain] - Tomcat initialized with port 8080 (http)
2026/06/09 02:06:55 INFO  [restartedMain] - Initializing ProtocolHandler ["http-nio-8080"]
2026/06/09 02:06:55 INFO  [restartedMain] - Starting service [Tomcat]
2026/06/09 02:06:55 INFO  [restartedMain] - Starting Servlet engine: [Apache Tomcat/10.1.52]
2026/06/09 02:06:55 INFO  [restartedMain] - Initializing Spring embedded WebApplicationContext
2026/06/09 02:06:55 INFO  [restartedMain] - Root WebApplicationContext: initialization completed in 984 ms
2026/06/09 02:06:55 INFO  [restartedMain] - HikariPool-2 - Starting...
2026/06/09 02:06:55 INFO  [restartedMain] - HikariPool-2 - Added connection conn20: url=jdbc:h2:mem:testdb user=SA
2026/06/09 02:06:55 INFO  [restartedMain] - HikariPool-2 - Start completed.
2026/06/09 02:06:55 INFO  [restartedMain] - HHH000204: Processing PersistenceUnitInfo [name: default]
2026/06/09 02:06:55 INFO  [restartedMain] - HHH000026: Second-level cache disabled
2026/06/09 02:06:55 INFO  [restartedMain] - No LoadTimeWeaver setup: ignoring JPA class transformer
2026/06/09 02:06:55 INFO  [restartedMain] - HHH10001005: Database info:
	Database JDBC URL [Connecting through datasource 'HikariDataSource (HikariPool-2)']
	Database driver: undefined/unknown
	Database version: 2.3.232
	Autocommit mode: undefined/unknown
	Isolation level: undefined/unknown
	Minimum pool size: undefined/unknown
	Maximum pool size: undefined/unknown
2026/06/09 02:06:55 INFO  [restartedMain] - HHH000489: No JTA platform available (set 'hibernate.transaction.jta.platform' to enable JTA platform integration)
2026/06/09 02:06:55 INFO  [restartedMain] - Initialized JPA EntityManagerFactory for persistence unit 'default'
2026/06/09 02:06:55 INFO  [restartedMain] - SampleComponent1 init
2026/06/09 02:06:55 INFO  [restartedMain] - SampleComponent2 init
2026/06/09 02:06:56 WARN  [restartedMain] - spring.jpa.open-in-view is enabled by default. Therefore, database queries may be performed during view rendering. Explicitly configure spring.jpa.open-in-view to disable this warning
2026/06/09 02:06:57 INFO  [restartedMain] - Global AuthenticationManager configured with UserDetailsService bean with name userDetailsServiceImpl
2026/06/09 02:06:58 INFO  [restartedMain] - H2 console available at '/h2-console'. Database available at 'jdbc:h2:mem:testdb'
2026/06/09 02:06:58 INFO  [restartedMain] - LiveReload server is running on port 35729
2026/06/09 02:06:58 INFO  [restartedMain] - Starting ProtocolHandler ["http-nio-8080"]
2026/06/09 02:06:58 INFO  [restartedMain] - Tomcat started on port 8080 (http) with context path '/'
2026/06/09 02:06:58 INFO  [restartedMain] - Started UserManagementSystemApplication in 4.0 seconds (process running for 872.389)
2026/06/09 02:06:58 INFO  [restartedMain] - Condition evaluation unchanged
2026/06/09 02:07:08 INFO  [RMI TCP Connection(20)-127.0.0.1] - Application shutdown requested.
2026/06/09 02:07:08 INFO  [RMI TCP Connection(20)-127.0.0.1] - Commencing graceful shutdown. Waiting for active requests to complete
2026/06/09 02:07:08 INFO  [tomcat-shutdown] - Pausing ProtocolHandler ["http-nio-8080"]
2026/06/09 02:07:08 INFO  [tomcat-shutdown] - Graceful shutdown complete
2026/06/09 02:07:08 INFO  [RMI TCP Connection(20)-127.0.0.1] - Stopping ProtocolHandler ["http-nio-8080"]
2026/06/09 02:07:08 INFO  [RMI TCP Connection(20)-127.0.0.1] - SampleComponent2 preDestroy
2026/06/09 02:07:08 INFO  [RMI TCP Connection(20)-127.0.0.1] - SampleComponent1 preDestroy
2026/06/09 02:07:08 INFO  [RMI TCP Connection(20)-127.0.0.1] - Closing JPA EntityManagerFactory for persistence unit 'default'
2026/06/09 02:07:08 WARN  [RMI TCP Connection(20)-127.0.0.1] - Invocation of destroy method failed on bean with name 'inMemoryDatabaseShutdownExecutor': org.h2.jdbc.JdbcSQLNonTransientConnectionException: Database is already closed (to disable automatic closing at VM shutdown, add ";DB_CLOSE_ON_EXIT=FALSE" to the db URL) [90121-232]
2026/06/09 02:07:08 INFO  [RMI TCP Connection(20)-127.0.0.1] - HikariPool-2 - Shutdown initiated...
2026/06/09 02:07:08 INFO  [RMI TCP Connection(20)-127.0.0.1] - HikariPool-2 - Shutdown completed.
2026/06/09 02:07:19 INFO  [background-preinit] - HV000001: Hibernate Validator 8.0.3.Final
2026/06/09 02:07:19 INFO  [restartedMain] - Starting UserManagementSystemApplication using Java 17.0.10 with PID 7651 (/Users/naoki/GitHub/springboot-user-management-system/user-management-system/target/classes started by naoki in /Users/naoki/GitHub/springboot-user-management-system/user-management-system)
2026/06/09 02:07:19 DEBUG [restartedMain] - Running with Spring Boot v3.5.11, Spring v6.2.16
2026/06/09 02:07:19 INFO  [restartedMain] - No active profile set, falling back to 1 default profile: "default"
2026/06/09 02:07:20 INFO  [restartedMain] - Devtools property defaults active! Set 'spring.devtools.add-properties' to 'false' to disable
2026/06/09 02:07:20 INFO  [restartedMain] - For additional web related logging consider setting the 'logging.level.web' property to 'DEBUG'
2026/06/09 02:07:22 INFO  [restartedMain] - Multiple Spring Data modules found, entering strict repository configuration mode
2026/06/09 02:07:22 INFO  [restartedMain] - Bootstrapping Spring Data JDBC repositories in DEFAULT mode.
2026/06/09 02:07:22 INFO  [restartedMain] - Spring Data JDBC - Could not safely identify store assignment for repository candidate interface com.example.demo.hello.SampleRepository; If you want this repository to be a JDBC repository, consider annotating your entities with one of these annotations: org.springframework.data.relational.core.mapping.Table.
2026/06/09 02:07:22 INFO  [restartedMain] - Spring Data JDBC - Could not safely identify store assignment for repository candidate interface com.example.demo.user.repository.UserRepository; If you want this repository to be a JDBC repository, consider annotating your entities with one of these annotations: org.springframework.data.relational.core.mapping.Table.
2026/06/09 02:07:22 INFO  [restartedMain] - Finished Spring Data repository scanning in 296 ms. Found 0 JDBC repository interfaces.
2026/06/09 02:07:22 INFO  [restartedMain] - Multiple Spring Data modules found, entering strict repository configuration mode
2026/06/09 02:07:22 INFO  [restartedMain] - Bootstrapping Spring Data JPA repositories in DEFAULT mode.
2026/06/09 02:07:22 INFO  [restartedMain] - Finished Spring Data repository scanning in 83 ms. Found 2 JPA repository interfaces.
2026/06/09 02:07:25 INFO  [restartedMain] - Tomcat initialized with port 8080 (http)
2026/06/09 02:07:26 INFO  [restartedMain] - Initializing ProtocolHandler ["http-nio-8080"]
2026/06/09 02:07:26 INFO  [restartedMain] - Starting service [Tomcat]
2026/06/09 02:07:26 INFO  [restartedMain] - Starting Servlet engine: [Apache Tomcat/10.1.52]
2026/06/09 02:07:26 INFO  [restartedMain] - Initializing Spring embedded WebApplicationContext
2026/06/09 02:07:26 INFO  [restartedMain] - Root WebApplicationContext: initialization completed in 5853 ms
2026/06/09 02:07:26 INFO  [restartedMain] - HikariPool-1 - Starting...
2026/06/09 02:07:27 INFO  [restartedMain] - HikariPool-1 - Added connection conn0: url=jdbc:h2:mem:testdb user=SA
2026/06/09 02:07:27 INFO  [restartedMain] - HikariPool-1 - Start completed.
2026/06/09 02:07:27 INFO  [restartedMain] - HHH000204: Processing PersistenceUnitInfo [name: default]
2026/06/09 02:07:27 INFO  [restartedMain] - HHH000412: Hibernate ORM core version 6.6.42.Final
2026/06/09 02:07:28 INFO  [restartedMain] - HHH000026: Second-level cache disabled
2026/06/09 02:07:29 INFO  [restartedMain] - No LoadTimeWeaver setup: ignoring JPA class transformer
2026/06/09 02:07:29 INFO  [restartedMain] - HHH10001005: Database info:
	Database JDBC URL [Connecting through datasource 'HikariDataSource (HikariPool-1)']
	Database driver: undefined/unknown
	Database version: 2.3.232
	Autocommit mode: undefined/unknown
	Isolation level: undefined/unknown
	Minimum pool size: undefined/unknown
	Maximum pool size: undefined/unknown
2026/06/09 02:07:32 INFO  [restartedMain] - HHH000489: No JTA platform available (set 'hibernate.transaction.jta.platform' to enable JTA platform integration)
2026/06/09 02:07:32 INFO  [restartedMain] - Initialized JPA EntityManagerFactory for persistence unit 'default'
2026/06/09 02:07:33 INFO  [restartedMain] - SampleComponent1 init
2026/06/09 02:07:33 INFO  [restartedMain] - SampleComponent2 init
2026/06/09 02:07:35 INFO  [restartedMain] - Hibernate is in classpath; If applicable, HQL parser will be used.
2026/06/09 02:07:38 WARN  [restartedMain] - spring.jpa.open-in-view is enabled by default. Therefore, database queries may be performed during view rendering. Explicitly configure spring.jpa.open-in-view to disable this warning
2026/06/09 02:07:40 INFO  [restartedMain] - Global AuthenticationManager configured with UserDetailsService bean with name userDetailsServiceImpl
2026/06/09 02:07:42 INFO  [restartedMain] - H2 console available at '/h2-console'. Database available at 'jdbc:h2:mem:testdb'
2026/06/09 02:07:42 INFO  [restartedMain] - LiveReload server is running on port 35729
2026/06/09 02:07:43 INFO  [restartedMain] - Starting ProtocolHandler ["http-nio-8080"]
2026/06/09 02:07:43 INFO  [restartedMain] - Tomcat started on port 8080 (http) with context path '/'
2026/06/09 02:07:43 INFO  [restartedMain] - Started UserManagementSystemApplication in 24.282 seconds (process running for 25.588)
2026/06/09 02:17:16 INFO  [File Watcher] - Restarting due to 1 class path change (0 additions, 0 deletions, 1 modification)
2026/06/09 02:17:17 INFO  [Thread-5] - Commencing graceful shutdown. Waiting for active requests to complete
2026/06/09 02:17:17 INFO  [tomcat-shutdown] - Pausing ProtocolHandler ["http-nio-8080"]
2026/06/09 02:17:18 INFO  [tomcat-shutdown] - Graceful shutdown complete
2026/06/09 02:17:18 INFO  [Thread-5] - Stopping ProtocolHandler ["http-nio-8080"]
2026/06/09 02:17:18 INFO  [Thread-5] - SampleComponent2 preDestroy
2026/06/09 02:17:18 INFO  [Thread-5] - SampleComponent1 preDestroy
2026/06/09 02:17:18 INFO  [Thread-5] - Closing JPA EntityManagerFactory for persistence unit 'default'
2026/06/09 02:17:18 WARN  [Thread-5] - Invocation of destroy method failed on bean with name 'inMemoryDatabaseShutdownExecutor': org.h2.jdbc.JdbcSQLNonTransientConnectionException: Database is already closed (to disable automatic closing at VM shutdown, add ";DB_CLOSE_ON_EXIT=FALSE" to the db URL) [90121-232]
2026/06/09 02:17:18 INFO  [Thread-5] - HikariPool-1 - Shutdown initiated...
2026/06/09 02:17:18 INFO  [Thread-5] - HikariPool-1 - Shutdown completed.
2026/06/09 02:17:21 INFO  [restartedMain] - Starting UserManagementSystemApplication using Java 17.0.10 with PID 7651 (/Users/naoki/GitHub/springboot-user-management-system/user-management-system/target/classes started by naoki in /Users/naoki/GitHub/springboot-user-management-system/user-management-system)
2026/06/09 02:17:21 INFO  [restartedMain] - No active profile set, falling back to 1 default profile: "default"
2026/06/09 02:17:23 INFO  [restartedMain] - Multiple Spring Data modules found, entering strict repository configuration mode
2026/06/09 02:17:23 INFO  [restartedMain] - Bootstrapping Spring Data JDBC repositories in DEFAULT mode.
2026/06/09 02:17:23 INFO  [restartedMain] - Spring Data JDBC - Could not safely identify store assignment for repository candidate interface com.example.demo.hello.SampleRepository; If you want this repository to be a JDBC repository, consider annotating your entities with one of these annotations: org.springframework.data.relational.core.mapping.Table.
2026/06/09 02:17:23 INFO  [restartedMain] - Spring Data JDBC - Could not safely identify store assignment for repository candidate interface com.example.demo.user.repository.UserRepository; If you want this repository to be a JDBC repository, consider annotating your entities with one of these annotations: org.springframework.data.relational.core.mapping.Table.
2026/06/09 02:17:23 INFO  [restartedMain] - Finished Spring Data repository scanning in 23 ms. Found 0 JDBC repository interfaces.
2026/06/09 02:17:23 INFO  [restartedMain] - Multiple Spring Data modules found, entering strict repository configuration mode
2026/06/09 02:17:23 INFO  [restartedMain] - Bootstrapping Spring Data JPA repositories in DEFAULT mode.
2026/06/09 02:17:23 INFO  [restartedMain] - Finished Spring Data repository scanning in 32 ms. Found 2 JPA repository interfaces.
2026/06/09 02:17:24 INFO  [restartedMain] - Tomcat initialized with port 8080 (http)
2026/06/09 02:17:24 INFO  [restartedMain] - Initializing ProtocolHandler ["http-nio-8080"]
2026/06/09 02:17:24 INFO  [restartedMain] - Starting service [Tomcat]
2026/06/09 02:17:24 INFO  [restartedMain] - Starting Servlet engine: [Apache Tomcat/10.1.52]
2026/06/09 02:17:25 INFO  [restartedMain] - Initializing Spring embedded WebApplicationContext
2026/06/09 02:17:25 INFO  [restartedMain] - Root WebApplicationContext: initialization completed in 3560 ms
2026/06/09 02:17:25 INFO  [restartedMain] - HikariPool-2 - Starting...
2026/06/09 02:17:25 INFO  [restartedMain] - HikariPool-2 - Added connection conn10: url=jdbc:h2:mem:testdb user=SA
2026/06/09 02:17:25 INFO  [restartedMain] - HikariPool-2 - Start completed.
2026/06/09 02:17:25 INFO  [restartedMain] - HHH000204: Processing PersistenceUnitInfo [name: default]
2026/06/09 02:17:25 INFO  [restartedMain] - HHH000026: Second-level cache disabled
2026/06/09 02:17:25 INFO  [restartedMain] - No LoadTimeWeaver setup: ignoring JPA class transformer
2026/06/09 02:17:25 INFO  [restartedMain] - HHH10001005: Database info:
	Database JDBC URL [Connecting through datasource 'HikariDataSource (HikariPool-2)']
	Database driver: undefined/unknown
	Database version: 2.3.232
	Autocommit mode: undefined/unknown
	Isolation level: undefined/unknown
	Minimum pool size: undefined/unknown
	Maximum pool size: undefined/unknown
2026/06/09 02:17:26 INFO  [restartedMain] - HHH000489: No JTA platform available (set 'hibernate.transaction.jta.platform' to enable JTA platform integration)
2026/06/09 02:17:26 INFO  [restartedMain] - Initialized JPA EntityManagerFactory for persistence unit 'default'
2026/06/09 02:17:26 INFO  [restartedMain] - SampleComponent1 init
2026/06/09 02:17:26 INFO  [restartedMain] - SampleComponent2 init
2026/06/09 02:17:27 WARN  [restartedMain] - spring.jpa.open-in-view is enabled by default. Therefore, database queries may be performed during view rendering. Explicitly configure spring.jpa.open-in-view to disable this warning
2026/06/09 02:17:29 INFO  [restartedMain] - Global AuthenticationManager configured with UserDetailsService bean with name userDetailsServiceImpl
2026/06/09 02:17:32 INFO  [restartedMain] - H2 console available at '/h2-console'. Database available at 'jdbc:h2:mem:testdb'
2026/06/09 02:17:32 INFO  [restartedMain] - LiveReload server is running on port 35729
2026/06/09 02:17:32 INFO  [restartedMain] - Starting ProtocolHandler ["http-nio-8080"]
2026/06/09 02:17:32 INFO  [restartedMain] - Tomcat started on port 8080 (http) with context path '/'
2026/06/09 02:17:32 INFO  [restartedMain] - Started UserManagementSystemApplication in 11.239 seconds (process running for 614.613)
2026/06/09 02:17:32 INFO  [restartedMain] - Condition evaluation unchanged
2026/06/09 02:17:41 INFO  [File Watcher] - Restarting due to 1 class path change (0 additions, 0 deletions, 1 modification)
2026/06/09 02:17:41 INFO  [Thread-7] - Commencing graceful shutdown. Waiting for active requests to complete
2026/06/09 02:17:41 INFO  [tomcat-shutdown] - Pausing ProtocolHandler ["http-nio-8080"]
2026/06/09 02:17:41 INFO  [tomcat-shutdown] - Graceful shutdown complete
2026/06/09 02:17:41 INFO  [Thread-7] - Stopping ProtocolHandler ["http-nio-8080"]
2026/06/09 02:17:41 INFO  [Thread-7] - SampleComponent2 preDestroy
2026/06/09 02:17:41 INFO  [Thread-7] - SampleComponent1 preDestroy
2026/06/09 02:17:41 INFO  [Thread-7] - Closing JPA EntityManagerFactory for persistence unit 'default'
2026/06/09 02:17:41 WARN  [Thread-7] - Invocation of destroy method failed on bean with name 'inMemoryDatabaseShutdownExecutor': org.h2.jdbc.JdbcSQLNonTransientConnectionException: Database is already closed (to disable automatic closing at VM shutdown, add ";DB_CLOSE_ON_EXIT=FALSE" to the db URL) [90121-232]
2026/06/09 02:17:41 INFO  [Thread-7] - HikariPool-2 - Shutdown initiated...
2026/06/09 02:17:41 INFO  [Thread-7] - HikariPool-2 - Shutdown completed.
2026/06/09 02:17:42 INFO  [restartedMain] - Starting UserManagementSystemApplication using Java 17.0.10 with PID 7651 (/Users/naoki/GitHub/springboot-user-management-system/user-management-system/target/classes started by naoki in /Users/naoki/GitHub/springboot-user-management-system/user-management-system)
2026/06/09 02:17:42 DEBUG [restartedMain] - Running with Spring Boot v3.5.11, Spring v6.2.16
2026/06/09 02:17:42 INFO  [restartedMain] - No active profile set, falling back to 1 default profile: "default"
2026/06/09 02:17:42 INFO  [restartedMain] - Multiple Spring Data modules found, entering strict repository configuration mode
2026/06/09 02:17:42 INFO  [restartedMain] - Bootstrapping Spring Data JDBC repositories in DEFAULT mode.
2026/06/09 02:17:42 INFO  [restartedMain] - Spring Data JDBC - Could not safely identify store assignment for repository candidate interface com.example.demo.hello.SampleRepository; If you want this repository to be a JDBC repository, consider annotating your entities with one of these annotations: org.springframework.data.relational.core.mapping.Table.
2026/06/09 02:17:42 INFO  [restartedMain] - Spring Data JDBC - Could not safely identify store assignment for repository candidate interface com.example.demo.user.repository.UserRepository; If you want this repository to be a JDBC repository, consider annotating your entities with one of these annotations: org.springframework.data.relational.core.mapping.Table.
2026/06/09 02:17:42 INFO  [restartedMain] - Finished Spring Data repository scanning in 21 ms. Found 0 JDBC repository interfaces.
2026/06/09 02:17:42 INFO  [restartedMain] - Multiple Spring Data modules found, entering strict repository configuration mode
2026/06/09 02:17:42 INFO  [restartedMain] - Bootstrapping Spring Data JPA repositories in DEFAULT mode.
2026/06/09 02:17:42 INFO  [restartedMain] - Finished Spring Data repository scanning in 14 ms. Found 2 JPA repository interfaces.
2026/06/09 02:17:43 INFO  [restartedMain] - Tomcat initialized with port 8080 (http)
2026/06/09 02:17:43 INFO  [restartedMain] - Initializing ProtocolHandler ["http-nio-8080"]
2026/06/09 02:17:43 INFO  [restartedMain] - Starting service [Tomcat]
2026/06/09 02:17:43 INFO  [restartedMain] - Starting Servlet engine: [Apache Tomcat/10.1.52]
2026/06/09 02:17:43 INFO  [restartedMain] - Initializing Spring embedded WebApplicationContext
2026/06/09 02:17:43 INFO  [restartedMain] - Root WebApplicationContext: initialization completed in 989 ms
2026/06/09 02:17:43 INFO  [restartedMain] - HikariPool-3 - Starting...
2026/06/09 02:17:43 INFO  [restartedMain] - HikariPool-3 - Added connection conn20: url=jdbc:h2:mem:testdb user=SA
2026/06/09 02:17:43 INFO  [restartedMain] - HikariPool-3 - Start completed.
2026/06/09 02:17:43 INFO  [restartedMain] - HHH000204: Processing PersistenceUnitInfo [name: default]
2026/06/09 02:17:43 INFO  [restartedMain] - HHH000026: Second-level cache disabled
2026/06/09 02:17:43 INFO  [restartedMain] - No LoadTimeWeaver setup: ignoring JPA class transformer
2026/06/09 02:17:43 INFO  [restartedMain] - HHH10001005: Database info:
	Database JDBC URL [Connecting through datasource 'HikariDataSource (HikariPool-3)']
	Database driver: undefined/unknown
	Database version: 2.3.232
	Autocommit mode: undefined/unknown
	Isolation level: undefined/unknown
	Minimum pool size: undefined/unknown
	Maximum pool size: undefined/unknown
2026/06/09 02:17:43 INFO  [restartedMain] - HHH000489: No JTA platform available (set 'hibernate.transaction.jta.platform' to enable JTA platform integration)
2026/06/09 02:17:43 INFO  [restartedMain] - Initialized JPA EntityManagerFactory for persistence unit 'default'
2026/06/09 02:17:43 INFO  [restartedMain] - SampleComponent1 init
2026/06/09 02:17:43 INFO  [restartedMain] - SampleComponent2 init
2026/06/09 02:17:45 WARN  [restartedMain] - spring.jpa.open-in-view is enabled by default. Therefore, database queries may be performed during view rendering. Explicitly configure spring.jpa.open-in-view to disable this warning
2026/06/09 02:17:45 INFO  [restartedMain] - Global AuthenticationManager configured with UserDetailsService bean with name userDetailsServiceImpl
2026/06/09 02:17:46 INFO  [restartedMain] - H2 console available at '/h2-console'. Database available at 'jdbc:h2:mem:testdb'
2026/06/09 02:17:46 INFO  [restartedMain] - LiveReload server is running on port 35729
2026/06/09 02:17:46 INFO  [restartedMain] - Starting ProtocolHandler ["http-nio-8080"]
2026/06/09 02:17:46 INFO  [restartedMain] - Tomcat started on port 8080 (http) with context path '/'
2026/06/09 02:17:46 INFO  [restartedMain] - Started UserManagementSystemApplication in 4.472 seconds (process running for 628.823)
2026/06/09 02:17:46 INFO  [restartedMain] - Condition evaluation unchanged
2026/06/09 02:19:24 INFO  [RMI TCP Connection(15)-127.0.0.1] - Application shutdown requested.
2026/06/09 02:19:24 INFO  [RMI TCP Connection(15)-127.0.0.1] - Commencing graceful shutdown. Waiting for active requests to complete
2026/06/09 02:19:24 INFO  [tomcat-shutdown] - Pausing ProtocolHandler ["http-nio-8080"]
2026/06/09 02:19:24 INFO  [tomcat-shutdown] - Graceful shutdown complete
2026/06/09 02:19:24 INFO  [RMI TCP Connection(15)-127.0.0.1] - Stopping ProtocolHandler ["http-nio-8080"]
2026/06/09 02:19:25 INFO  [RMI TCP Connection(15)-127.0.0.1] - SampleComponent2 preDestroy
2026/06/09 02:19:25 INFO  [RMI TCP Connection(15)-127.0.0.1] - SampleComponent1 preDestroy
2026/06/09 02:19:25 INFO  [RMI TCP Connection(15)-127.0.0.1] - Closing JPA EntityManagerFactory for persistence unit 'default'
2026/06/09 02:19:25 WARN  [RMI TCP Connection(15)-127.0.0.1] - Invocation of destroy method failed on bean with name 'inMemoryDatabaseShutdownExecutor': org.h2.jdbc.JdbcSQLNonTransientConnectionException: Database is already closed (to disable automatic closing at VM shutdown, add ";DB_CLOSE_ON_EXIT=FALSE" to the db URL) [90121-232]
2026/06/09 02:19:25 INFO  [RMI TCP Connection(15)-127.0.0.1] - HikariPool-3 - Shutdown initiated...
2026/06/09 02:19:25 INFO  [RMI TCP Connection(15)-127.0.0.1] - HikariPool-3 - Shutdown completed.
2026/06/09 02:19:43 INFO  [background-preinit] - HV000001: Hibernate Validator 8.0.3.Final
2026/06/09 02:19:43 INFO  [restartedMain] - Starting UserManagementSystemApplication using Java 17.0.10 with PID 7993 (/Users/naoki/GitHub/springboot-user-management-system/user-management-system/target/classes started by naoki in /Users/naoki/GitHub/springboot-user-management-system/user-management-system)
2026/06/09 02:19:43 DEBUG [restartedMain] - Running with Spring Boot v3.5.11, Spring v6.2.16
2026/06/09 02:19:43 INFO  [restartedMain] - No active profile set, falling back to 1 default profile: "default"
2026/06/09 02:19:44 INFO  [restartedMain] - Devtools property defaults active! Set 'spring.devtools.add-properties' to 'false' to disable
2026/06/09 02:19:44 INFO  [restartedMain] - For additional web related logging consider setting the 'logging.level.web' property to 'DEBUG'
2026/06/09 02:19:47 INFO  [restartedMain] - Multiple Spring Data modules found, entering strict repository configuration mode
2026/06/09 02:19:47 INFO  [restartedMain] - Bootstrapping Spring Data JDBC repositories in DEFAULT mode.
2026/06/09 02:19:48 INFO  [restartedMain] - Spring Data JDBC - Could not safely identify store assignment for repository candidate interface com.example.demo.hello.SampleRepository; If you want this repository to be a JDBC repository, consider annotating your entities with one of these annotations: org.springframework.data.relational.core.mapping.Table.
2026/06/09 02:19:48 INFO  [restartedMain] - Spring Data JDBC - Could not safely identify store assignment for repository candidate interface com.example.demo.user.repository.UserRepository; If you want this repository to be a JDBC repository, consider annotating your entities with one of these annotations: org.springframework.data.relational.core.mapping.Table.
2026/06/09 02:19:48 INFO  [restartedMain] - Finished Spring Data repository scanning in 131 ms. Found 0 JDBC repository interfaces.
2026/06/09 02:19:48 INFO  [restartedMain] - Multiple Spring Data modules found, entering strict repository configuration mode
2026/06/09 02:19:48 INFO  [restartedMain] - Bootstrapping Spring Data JPA repositories in DEFAULT mode.
2026/06/09 02:19:48 INFO  [restartedMain] - Finished Spring Data repository scanning in 171 ms. Found 2 JPA repository interfaces.
2026/06/09 02:19:52 INFO  [restartedMain] - Tomcat initialized with port 8080 (http)
2026/06/09 02:19:52 INFO  [restartedMain] - Initializing ProtocolHandler ["http-nio-8080"]
2026/06/09 02:19:52 INFO  [restartedMain] - Starting service [Tomcat]
2026/06/09 02:19:52 INFO  [restartedMain] - Starting Servlet engine: [Apache Tomcat/10.1.52]
2026/06/09 02:19:52 INFO  [restartedMain] - Initializing Spring embedded WebApplicationContext
2026/06/09 02:19:52 INFO  [restartedMain] - Root WebApplicationContext: initialization completed in 8326 ms
2026/06/09 02:19:53 INFO  [restartedMain] - HikariPool-1 - Starting...
2026/06/09 02:19:54 INFO  [restartedMain] - HikariPool-1 - Added connection conn0: url=jdbc:h2:mem:testdb user=SA
2026/06/09 02:19:54 INFO  [restartedMain] - HikariPool-1 - Start completed.
2026/06/09 02:19:54 INFO  [restartedMain] - HHH000204: Processing PersistenceUnitInfo [name: default]
2026/06/09 02:19:54 INFO  [restartedMain] - HHH000412: Hibernate ORM core version 6.6.42.Final
2026/06/09 02:19:54 INFO  [restartedMain] - HHH000026: Second-level cache disabled
2026/06/09 02:19:55 INFO  [restartedMain] - No LoadTimeWeaver setup: ignoring JPA class transformer
2026/06/09 02:19:55 INFO  [restartedMain] - HHH10001005: Database info:
	Database JDBC URL [Connecting through datasource 'HikariDataSource (HikariPool-1)']
	Database driver: undefined/unknown
	Database version: 2.3.232
	Autocommit mode: undefined/unknown
	Isolation level: undefined/unknown
	Minimum pool size: undefined/unknown
	Maximum pool size: undefined/unknown
2026/06/09 02:19:56 INFO  [restartedMain] - HHH000489: No JTA platform available (set 'hibernate.transaction.jta.platform' to enable JTA platform integration)
2026/06/09 02:19:56 INFO  [restartedMain] - Initialized JPA EntityManagerFactory for persistence unit 'default'
2026/06/09 02:19:56 INFO  [restartedMain] - SampleComponent1 init
2026/06/09 02:19:56 INFO  [restartedMain] - SampleComponent2 init
2026/06/09 02:19:57 INFO  [restartedMain] - Hibernate is in classpath; If applicable, HQL parser will be used.
2026/06/09 02:20:00 WARN  [restartedMain] - spring.jpa.open-in-view is enabled by default. Therefore, database queries may be performed during view rendering. Explicitly configure spring.jpa.open-in-view to disable this warning
2026/06/09 02:20:03 INFO  [restartedMain] - Global AuthenticationManager configured with UserDetailsService bean with name userDetailsServiceImpl
2026/06/09 02:20:06 INFO  [restartedMain] - H2 console available at '/h2-console'. Database available at 'jdbc:h2:mem:testdb'
2026/06/09 02:20:06 INFO  [restartedMain] - LiveReload server is running on port 35729
2026/06/09 02:20:06 INFO  [restartedMain] - Starting ProtocolHandler ["http-nio-8080"]
2026/06/09 02:20:06 INFO  [restartedMain] - Tomcat started on port 8080 (http) with context path '/'
2026/06/09 02:20:06 INFO  [restartedMain] - Started UserManagementSystemApplication in 25.602 seconds (process running for 28.291)
2026/06/09 02:20:17 INFO  [http-nio-8080-exec-1] - Initializing Spring DispatcherServlet 'dispatcherServlet'
2026/06/09 02:20:17 INFO  [http-nio-8080-exec-1] - Initializing Servlet 'dispatcherServlet'
2026/06/09 02:20:17 INFO  [http-nio-8080-exec-1] - Completed initialization in 1 ms
2026/06/09 02:20:17 INFO  [http-nio-8080-exec-1] - ユーザーID=anonymousUser, メソッド開始(Controller): String com.example.demo.login.controller.LoginController.getLogin()
2026/06/09 02:20:17 INFO  [http-nio-8080-exec-1] - ユーザーID=anonymousUser, メソッド終了(Controller): String com.example.demo.login.controller.LoginController.getLogin()
2026/06/09 02:20:18 WARN  [http-nio-8080-exec-5] - Resolved [org.springframework.web.servlet.resource.NoResourceFoundException: No static resource favicon.ico.]
2026/06/09 02:20:54 INFO  [http-nio-8080-exec-6] - メソッド開始: MUser com.example.demo.user.domain.service.impl.UserServiceImpl2.getUserOne(String)
2026/06/09 02:20:54 DEBUG [http-nio-8080-exec-6] - select m1_0.user_id,m1_0.age,m1_0.birthday,d1_0.department_id,d1_0.department_name,m1_0.department_id,m1_0.gender,m1_0.password,m1_0.role,m1_0.user_name from m_user m1_0 left join m_department d1_0 on d1_0.department_id=m1_0.department_id where m1_0.user_id=?
2026/06/09 02:20:54 INFO  [http-nio-8080-exec-6] - メソッド終了: MUser com.example.demo.user.domain.service.impl.UserServiceImpl2.getUserOne(String)
2026/06/09 02:20:55 INFO  [http-nio-8080-exec-7] - ユーザー名=ユーザー1
2026/06/09 02:20:55 INFO  [http-nio-8080-exec-7] - ユーザーID=user1@example.co.jp, メソッド開始(Controller): String com.example.demo.user.controller.UserListController.getUserList(Model,UserListForm,Pageable,LoginUser)
2026/06/09 02:20:55 INFO  [http-nio-8080-exec-7] - ユーザーID=user1@example.co.jp, ユーザー名=ユーザー1
2026/06/09 02:20:55 INFO  [http-nio-8080-exec-7] - メソッド開始: Page com.example.demo.user.domain.service.impl.UserServiceImpl2.getUsers(MUser,Pageable)
2026/06/09 02:20:55 DEBUG [http-nio-8080-exec-7] - select m1_0.user_id,m1_0.age,m1_0.birthday,m1_0.department_id,m1_0.gender,m1_0.password,m1_0.role,m1_0.user_name from m_user m1_0 offset ? rows fetch first ? rows only
2026/06/09 02:20:55 DEBUG [http-nio-8080-exec-7] - select d1_0.department_id,d1_0.department_name from m_department d1_0 where d1_0.department_id=?
2026/06/09 02:20:55 DEBUG [http-nio-8080-exec-7] - select d1_0.department_id,d1_0.department_name from m_department d1_0 where d1_0.department_id=?
2026/06/09 02:20:55 DEBUG [http-nio-8080-exec-7] - select count(m1_0.user_id) from m_user m1_0
2026/06/09 02:20:55 INFO  [http-nio-8080-exec-7] - メソッド終了: Page com.example.demo.user.domain.service.impl.UserServiceImpl2.getUsers(MUser,Pageable)
2026/06/09 02:20:55 INFO  [http-nio-8080-exec-7] - ユーザーID=user1@example.co.jp, メソッド終了(Controller): String com.example.demo.user.controller.UserListController.getUserList(Model,UserListForm,Pageable,LoginUser)
2026/06/09 02:20:55 WARN  [http-nio-8080-exec-2] - Resolved [org.springframework.web.servlet.resource.NoResourceFoundException: No static resource favicon.ico.]
